<?xml version="1.0" encoding="UTF-8"?>
<!-- Generated by org.testng.reporters.JUnitXMLReporter -->
<testsuite ignored="0" hostname="Harsh" failures="0" tests="4" name="Test" time="0.054" errors="0" timestamp="2021-10-07T15:58:21 IST">
  <testcase classname="qaclickacademy.AppiumTest" name="IOSapp" time="0.004"/>
  <testcase classname="qaclickacademy.AppiumTest" name="Nativeappandroid" time="0.0"/>
  <testcase classname="qaclickacademy.SeleniumTest" name="Browserautomation" time="0.0"/>
  <testcase classname="qaclickacademy.SeleniumTest" name="elements" time="0.001"/>
</testsuite> <!-- Test -->
