<?xml version="1.0" encoding="UTF-8"?>
<testng-results ignored="0" total="4" passed="4" failed="0" skipped="0">
  <reporter-output>
  </reporter-output>
  <suite started-at="2021-10-07T15:58:21 IST" name="Suite" finished-at="2021-10-07T15:58:21 IST" duration-ms="54">
    <groups>
    </groups>
    <test started-at="2021-10-07T15:58:21 IST" name="Test" finished-at="2021-10-07T15:58:21 IST" duration-ms="54">
      <class name="qaclickacademy.AppiumTest">
        <test-method signature="IOSapp()[pri:0, instance:qaclickacademy.AppiumTest@7fc2413d]" started-at="2021-10-07T15:58:21 IST" name="IOSapp" finished-at="2021-10-07T15:58:21 IST" duration-ms="4" status="PASS">
          <reporter-output>
          </reporter-output>
        </test-method> <!-- IOSapp -->
        <test-method signature="Nativeappandroid()[pri:0, instance:qaclickacademy.AppiumTest@7fc2413d]" started-at="2021-10-07T15:58:21 IST" name="Nativeappandroid" finished-at="2021-10-07T15:58:21 IST" duration-ms="0" status="PASS">
          <reporter-output>
          </reporter-output>
        </test-method> <!-- Nativeappandroid -->
      </class> <!-- qaclickacademy.AppiumTest -->
      <class name="qaclickacademy.SeleniumTest">
        <test-method signature="Browserautomation()[pri:0, instance:qaclickacademy.SeleniumTest@5db250b4]" started-at="2021-10-07T15:58:21 IST" name="Browserautomation" finished-at="2021-10-07T15:58:21 IST" duration-ms="0" status="PASS">
          <reporter-output>
          </reporter-output>
        </test-method> <!-- Browserautomation -->
        <test-method signature="elements()[pri:0, instance:qaclickacademy.SeleniumTest@5db250b4]" started-at="2021-10-07T15:58:21 IST" name="elements" finished-at="2021-10-07T15:58:21 IST" duration-ms="1" status="PASS">
          <reporter-output>
          </reporter-output>
        </test-method> <!-- elements -->
      </class> <!-- qaclickacademy.SeleniumTest -->
    </test> <!-- Test -->
  </suite> <!-- Suite -->
</testng-results>
