<?xml version="1.0" encoding="UTF-8"?>
<testng-results ignored="0" total="2" passed="2" failed="0" skipped="0">
  <reporter-output>
  </reporter-output>
  <suite started-at="2021-10-07T14:23:17 IST" name="Default suite" finished-at="2021-10-07T14:23:17 IST" duration-ms="55">
    <groups>
    </groups>
    <test started-at="2021-10-07T14:23:17 IST" name="Default test" finished-at="2021-10-07T14:23:17 IST" duration-ms="55">
      <class name="qaclickacademy.SeleniumTest">
        <test-method signature="Browserautomation()[pri:0, instance:qaclickacademy.SeleniumTest@2df9b86]" started-at="2021-10-07T14:23:17 IST" name="Browserautomation" finished-at="2021-10-07T14:23:17 IST" duration-ms="9" status="PASS">
          <reporter-output>
          </reporter-output>
        </test-method> <!-- Browserautomation -->
        <test-method signature="elements()[pri:0, instance:qaclickacademy.SeleniumTest@2df9b86]" started-at="2021-10-07T14:23:17 IST" name="elements" finished-at="2021-10-07T14:23:17 IST" duration-ms="2" status="PASS">
          <reporter-output>
          </reporter-output>
        </test-method> <!-- elements -->
      </class> <!-- qaclickacademy.SeleniumTest -->
    </test> <!-- Default test -->
  </suite> <!-- Default suite -->
</testng-results>
